
Udevadm info starts with the device specified by the devpath and then
walks up the chain of parent devices. It prints for every device
found, all possible attributes in the udev rules key format.
A rule to match, can be composed by the attributes of the device
and the attributes from one single parent device.

  looking at device '/devices/platform/sw-ehci.1/usb2/2-1/2-1.1/2-1.1.2/2-1.1.2:1.0/ttyUSB1/tty/ttyUSB1':
    KERNEL=="ttyUSB1"
    SUBSYSTEM=="tty"
    DRIVER==""

  looking at parent device '/devices/platform/sw-ehci.1/usb2/2-1/2-1.1/2-1.1.2/2-1.1.2:1.0/ttyUSB1':
    KERNELS=="ttyUSB1"
    SUBSYSTEMS=="usb-serial"
    DRIVERS=="pl2303"
    ATTRS{port_number}=="0"

  looking at parent device '/devices/platform/sw-ehci.1/usb2/2-1/2-1.1/2-1.1.2/2-1.1.2:1.0':
    KERNELS=="2-1.1.2:1.0"
    SUBSYSTEMS=="usb"
    DRIVERS=="pl2303"
    ATTRS{bAlternateSetting}==" 0"
    ATTRS{bInterfaceClass}=="ff"
    ATTRS{bInterfaceNumber}=="00"
    ATTRS{bInterfaceProtocol}=="00"
    ATTRS{bInterfaceSubClass}=="00"
    ATTRS{bNumEndpoints}=="03"
    ATTRS{supports_autosuspend}=="1"

  looking at parent device '/devices/platform/sw-ehci.1/usb2/2-1/2-1.1/2-1.1.2':
    KERNELS=="2-1.1.2"
    SUBSYSTEMS=="usb"
    DRIVERS=="usb"
    ATTRS{authorized}=="1"
    ATTRS{avoid_reset_quirk}=="0"
    ATTRS{bConfigurationValue}=="1"
    ATTRS{bDeviceClass}=="00"
    ATTRS{bDeviceProtocol}=="00"
    ATTRS{bDeviceSubClass}=="00"
    ATTRS{bMaxPacketSize0}=="64"
    ATTRS{bMaxPower}=="100mA"
    ATTRS{bNumConfigurations}=="1"
    ATTRS{bNumInterfaces}==" 1"
    ATTRS{bcdDevice}=="0300"
    ATTRS{bmAttributes}=="a0"
    ATTRS{busnum}=="2"
    ATTRS{configuration}==""
    ATTRS{devnum}=="10"
    ATTRS{devpath}=="1.1.2"
    ATTRS{idProduct}=="2303"
    ATTRS{idVendor}=="067b"
    ATTRS{manufacturer}=="Prolific Technology Inc."
    ATTRS{maxchild}=="0"
    ATTRS{product}=="USB-Serial Controller"
    ATTRS{quirks}=="0x0"
    ATTRS{removable}=="unknown"
    ATTRS{speed}=="12"
    ATTRS{urbnum}=="135"
    ATTRS{version}==" 2.00"

  looking at parent device '/devices/platform/sw-ehci.1/usb2/2-1/2-1.1':
    KERNELS=="2-1.1"
    SUBSYSTEMS=="usb"
    DRIVERS=="usb"
    ATTRS{authorized}=="1"
    ATTRS{avoid_reset_quirk}=="0"
    ATTRS{bConfigurationValue}=="1"
    ATTRS{bDeviceClass}=="09"
    ATTRS{bDeviceProtocol}=="01"
    ATTRS{bDeviceSubClass}=="00"
    ATTRS{bMaxPacketSize0}=="64"
    ATTRS{bMaxPower}=="100mA"
    ATTRS{bNumConfigurations}=="1"
    ATTRS{bNumInterfaces}==" 1"
    ATTRS{bcdDevice}=="0111"
    ATTRS{bmAttributes}=="e0"
    ATTRS{busnum}=="2"
    ATTRS{configuration}==""
    ATTRS{devnum}=="3"
    ATTRS{devpath}=="1.1"
    ATTRS{idProduct}=="0101"
    ATTRS{idVendor}=="1a40"
    ATTRS{maxchild}=="4"
    ATTRS{product}=="USB 2.0 Hub"
    ATTRS{quirks}=="0x0"
    ATTRS{removable}=="unknown"
    ATTRS{speed}=="480"
    ATTRS{urbnum}=="138"
    ATTRS{version}==" 2.00"

  looking at parent device '/devices/platform/sw-ehci.1/usb2/2-1':
    KERNELS=="2-1"
    SUBSYSTEMS=="usb"
    DRIVERS=="usb"
    ATTRS{authorized}=="1"
    ATTRS{avoid_reset_quirk}=="0"
    ATTRS{bConfigurationValue}=="1"
    ATTRS{bDeviceClass}=="09"
    ATTRS{bDeviceProtocol}=="01"
    ATTRS{bDeviceSubClass}=="00"
    ATTRS{bMaxPacketSize0}=="64"
    ATTRS{bMaxPower}=="100mA"
    ATTRS{bNumConfigurations}=="1"
    ATTRS{bNumInterfaces}==" 1"
    ATTRS{bcdDevice}=="0111"
    ATTRS{bmAttributes}=="e0"
    ATTRS{busnum}=="2"
    ATTRS{configuration}==""
    ATTRS{devnum}=="2"
    ATTRS{devpath}=="1"
    ATTRS{idProduct}=="0101"
    ATTRS{idVendor}=="1a40"
    ATTRS{maxchild}=="4"
    ATTRS{product}=="USB 2.0 Hub"
    ATTRS{quirks}=="0x0"
    ATTRS{removable}=="unknown"
    ATTRS{speed}=="480"
    ATTRS{urbnum}=="76"
    ATTRS{version}==" 2.00"

  looking at parent device '/devices/platform/sw-ehci.1/usb2':
    KERNELS=="usb2"
    SUBSYSTEMS=="usb"
    DRIVERS=="usb"
    ATTRS{authorized}=="1"
    ATTRS{authorized_default}=="1"
    ATTRS{avoid_reset_quirk}=="0"
    ATTRS{bConfigurationValue}=="1"
    ATTRS{bDeviceClass}=="09"
    ATTRS{bDeviceProtocol}=="00"
    ATTRS{bDeviceSubClass}=="00"
    ATTRS{bMaxPacketSize0}=="64"
    ATTRS{bMaxPower}=="  0mA"
    ATTRS{bNumConfigurations}=="1"
    ATTRS{bNumInterfaces}==" 1"
    ATTRS{bcdDevice}=="0304"
    ATTRS{bmAttributes}=="e0"
    ATTRS{busnum}=="2"
    ATTRS{configuration}==""
    ATTRS{devnum}=="1"
    ATTRS{devpath}=="0"
    ATTRS{idProduct}=="0002"
    ATTRS{idVendor}=="1d6b"
    ATTRS{manufacturer}=="Linux 3.4.113-sun7i ehci_hcd"
    ATTRS{maxchild}=="1"
    ATTRS{product}=="SW USB2.0 'Enhanced' Host Controller (EHCI) Driver"
    ATTRS{quirks}=="0x0"
    ATTRS{removable}=="unknown"
    ATTRS{serial}=="sw-ehci"
    ATTRS{speed}=="480"
    ATTRS{urbnum}=="22"
    ATTRS{version}==" 2.00"

  looking at parent device '/devices/platform/sw-ehci.1':
    KERNELS=="sw-ehci.1"
    SUBSYSTEMS=="platform"
    DRIVERS=="sw-ehci"
    ATTRS{companion}==""
    ATTRS{uframe_periodic_max}=="100"

  looking at parent device '/devices/platform':
    KERNELS=="platform"
    SUBSYSTEMS==""
    DRIVERS==""

